Using pre-set license
Built from '2020.2/release' branch; Version is '2020.2.1f1 (270dd8c3da1c) revision 2559448'; Using compiler version '192528614'; Build Type 'Release'
OS: 'Windows 10  (10.0.0) 64bit' Language: 'fr' Physical Memory: 8126 MB
BatchMode: 1, IsHumanControllingUs: 0, StartBugReporterOnCrash: 0, Is64bit: 1, IsPro: 0

 COMMAND LINE ARGUMENTS:
E:\unity\2020.2.1f1\Editor\Unity.exe
-adb2
-batchMode
-noUpm
-name
AssetImportWorker0
-projectPath
E:/#GitHub Anoari/Anoari/Anoari
-logFile
Logs/AssetImportWorker0.log
-srvPort
60807
Successfully changed project path to: E:/#GitHub Anoari/Anoari/Anoari
E:/#GitHub Anoari/Anoari/Anoari
Using Asset Import Pipeline V2.
Refreshing native plugins compatible for Editor in 348.05 ms, found 2 plugins.
Preloading 0 native plugins for Editor in 0.00 ms.
Initialize engine version: 2020.2.1f1 (270dd8c3da1c)
[Subsystems] Discovering subsystems at path E:/unity/2020.2.1f1/Editor/Data/Resources/UnitySubsystems
[Subsystems] Discovering subsystems at path E:/#GitHub Anoari/Anoari/Anoari/Assets
GfxDevice: creating device client; threaded=0
Direct3D:
    Version:  Direct3D 11.0 [level 11.1]
    Renderer: NVIDIA GeForce GTX 960 (ID=0x1401)
    Vendor:   
    VRAM:     2007 MB
    Driver:   27.21.14.5730
Initialize mono
Mono path[0] = 'E:/unity/2020.2.1f1/Editor/Data/Managed'
Mono path[1] = 'E:/unity/2020.2.1f1/Editor/Data/MonoBleedingEdge/lib/mono/unityjit'
Mono config path = 'E:/unity/2020.2.1f1/Editor/Data/MonoBleedingEdge/etc'
Using monoOptions --debugger-agent=transport=dt_socket,embedding=1,server=y,suspend=n,address=127.0.0.1:56324
Begin MonoManager ReloadAssembly
Registering precompiled unity dll's ...
Register platform support module: E:/unity/2020.2.1f1/Editor/Data/PlaybackEngines/WindowsStandaloneSupport/UnityEditor.WindowsStandalone.Extensions.dll
Registered in 0.002092 seconds.
Native extension for WindowsStandalone target not found
Refreshing native plugins compatible for Editor in 68.76 ms, found 2 plugins.
Preloading 0 native plugins for Editor in 0.00 ms.
Invoked RoslynAnalysisRunner static constructor.
RoslynAnalysisRunner will not be running.
RoslynAnalysisRunner has terminated.
Mono: successfully reloaded assembly
- Completed reload, in  2.358 seconds
Platform modules already initialized, skipping
Registering precompiled user dll's ...
Registered in 0.009443 seconds.
Begin MonoManager ReloadAssembly
Native extension for WindowsStandalone target not found
Refreshing native plugins compatible for Editor in 1.09 ms, found 2 plugins.
Preloading 0 native plugins for Editor in 0.00 ms.
Invoked RoslynAnalysisRunner static constructor.
RoslynAnalysisRunner will not be running.
RoslynAnalysisRunner has terminated.
Mono: successfully reloaded assembly
- Completed reload, in  2.231 seconds
Platform modules already initialized, skipping
========================================================================
Worker process is ready to serve import requests
Launched and connected shader compiler UnityShaderCompiler.exe after 0.17 seconds
Refreshing native plugins compatible for Editor in 1.89 ms, found 2 plugins.
Preloading 0 native plugins for Editor in 0.00 ms.
Unloading 1391 Unused Serialized files (Serialized files now loaded: 0)
System memory in use before: 64.0 MB.
System memory in use after: 64.1 MB.

Unloading 50 unused Assets to reduce memory usage. Loaded Objects now: 1841.
Total: 3.951900 ms (FindLiveObjects: 0.552300 ms CreateObjectMapping: 0.144000 ms MarkObjects: 3.051000 ms  DeleteObjects: 0.202000 ms)

========================================================================
Received Import Request.
  path: Packages/com.unity.2d.tilemap/Editor/Unity.2D.Tilemap.Editor.asmdef
  artifactKey: Guid(3a9781db4804a9945b9883f3a7c46d45) Importer(815301076,1909f56bfc062723c751e8b465ee728b)
Start importing Packages/com.unity.2d.tilemap/Editor/Unity.2D.Tilemap.Editor.asmdef using Guid(3a9781db4804a9945b9883f3a7c46d45) Importer(815301076,1909f56bfc062723c751e8b465ee728b)  -> (artifact id: '424d4bf40938d4dab65e18d537902611') in 0.077233 seconds
  Import took 0.083510 seconds .

========================================================================
Received Import Request.
  Time since last request: 0.000180 seconds.
  path: Packages/com.unity.2d.tilemap/Editor/GridBrush.cs
  artifactKey: Guid(4009bdfbd908ccf41a101be04ed6567d) Importer(815301076,1909f56bfc062723c751e8b465ee728b)
Start importing Packages/com.unity.2d.tilemap/Editor/GridBrush.cs using Guid(4009bdfbd908ccf41a101be04ed6567d) Importer(815301076,1909f56bfc062723c751e8b465ee728b)  -> (artifact id: 'feff2216741da732a060e8b54f12552b') in 0.263826 seconds
  Import took 0.269705 seconds .

========================================================================
Received Import Request.
  Time since last request: 2.501613 seconds.
  path: Packages/com.unity.2d.sprite/package.json
  artifactKey: Guid(7dc5f1e5d04ac8549ac21802071e983b) Importer(815301076,1909f56bfc062723c751e8b465ee728b)
Start importing Packages/com.unity.2d.sprite/package.json using Guid(7dc5f1e5d04ac8549ac21802071e983b) Importer(815301076,1909f56bfc062723c751e8b465ee728b)  -> (artifact id: '9eff246d4208fd550dc56cc3fdb63e6c') in 0.243079 seconds
  Import took 0.247478 seconds .

========================================================================
Received Import Request.
  Time since last request: 4.739219 seconds.
  path: Assets/tilesets/Palette test.prefab
  artifactKey: Guid(f55633c77db4d6d499d97c62e10335e0) Importer(815301076,1909f56bfc062723c751e8b465ee728b)
Start importing Assets/tilesets/Palette test.prefab using Guid(f55633c77db4d6d499d97c62e10335e0) Importer(815301076,1909f56bfc062723c751e8b465ee728b)  -> (artifact id: '66d40e6df473a3b7e156894781009f14') in 0.044700 seconds
  Import took 0.048799 seconds .

========================================================================
Received Import Request.
  Time since last request: 0.000293 seconds.
  path: Assets/tilesets/plateforme test.asset
  artifactKey: Guid(64dd00d8a38825d4dbe753d84ef30943) Importer(815301076,1909f56bfc062723c751e8b465ee728b)
Start importing Assets/tilesets/plateforme test.asset using Guid(64dd00d8a38825d4dbe753d84ef30943) Importer(815301076,1909f56bfc062723c751e8b465ee728b)  -> (artifact id: '015335a473eb196f133dcca544877003') in 0.140696 seconds
  Import took 0.145112 seconds .

========================================================================
Received Import Request.
  Time since last request: 171.639758 seconds.
  path: Assets/plateforme test.asset
  artifactKey: Guid(edc6ef3f690f08f42adf7af658f826aa) Importer(815301076,1909f56bfc062723c751e8b465ee728b)
Start importing Assets/plateforme test.asset using Guid(edc6ef3f690f08f42adf7af658f826aa) Importer(815301076,1909f56bfc062723c751e8b465ee728b)  -> (artifact id: 'c947435b2e499f15173d57fa102a7b91') in 0.028371 seconds
  Import took 0.035066 seconds .

========================================================================
Received Import Request.
  Time since last request: 28.786160 seconds.
  path: Assets/plateforme test.jpeg
  artifactKey: Guid(b5d8e94b1bb458845ba7bedbefea0de0) Importer(815301076,1909f56bfc062723c751e8b465ee728b)
Start importing Assets/plateforme test.jpeg using Guid(b5d8e94b1bb458845ba7bedbefea0de0) Importer(815301076,1909f56bfc062723c751e8b465ee728b)  -> (artifact id: '468c310c54950bdfebd9778aef60f42f') in 0.127203 seconds
  Import took 0.131397 seconds .

